0 info it worked if it ends with ok
1 verbose cli [ 'node',
1 verbose cli   '/usr/local/bin/npm',
1 verbose cli   'install',
1 verbose cli   'git@github.com:angular/angular.js.git' ]
2 info using npm@1.2.32
3 info using node@v0.10.12
4 verbose read json /Users/mo/Projects/blueridgeapp/package.json
5 warn package.json blueridge@0.5.0 No readme data.
6 verbose read json /Users/mo/Projects/blueridgeapp/node_modules/connect-livereload/package.json
7 verbose read json /Users/mo/Projects/blueridgeapp/node_modules/grunt/package.json
8 verbose read json /Users/mo/Projects/blueridgeapp/node_modules/grunt-concat-css/package.json
9 verbose read json /Users/mo/Projects/blueridgeapp/node_modules/grunt-concurrent/package.json
10 verbose read json /Users/mo/Projects/blueridgeapp/node_modules/grunt-contrib-clean/package.json
11 verbose read json /Users/mo/Projects/blueridgeapp/node_modules/grunt-contrib-coffee/package.json
12 verbose read json /Users/mo/Projects/blueridgeapp/node_modules/grunt-contrib-compass/package.json
13 verbose read json /Users/mo/Projects/blueridgeapp/node_modules/grunt-contrib-concat/package.json
14 verbose read json /Users/mo/Projects/blueridgeapp/node_modules/grunt-contrib-connect/package.json
15 verbose read json /Users/mo/Projects/blueridgeapp/node_modules/grunt-contrib-copy/package.json
16 verbose read json /Users/mo/Projects/blueridgeapp/node_modules/grunt-contrib-cssmin/package.json
17 verbose read json /Users/mo/Projects/blueridgeapp/node_modules/grunt-contrib-htmlmin/package.json
18 verbose read json /Users/mo/Projects/blueridgeapp/node_modules/grunt-contrib-imagemin/package.json
19 verbose read json /Users/mo/Projects/blueridgeapp/node_modules/grunt-contrib-jshint/package.json
20 verbose read json /Users/mo/Projects/blueridgeapp/node_modules/grunt-contrib-qunit/package.json
21 verbose read json /Users/mo/Projects/blueridgeapp/node_modules/grunt-contrib-uglify/package.json
22 verbose read json /Users/mo/Projects/blueridgeapp/node_modules/grunt-contrib-watch/package.json
23 verbose read json /Users/mo/Projects/blueridgeapp/node_modules/grunt-google-cdn/package.json
24 verbose read json /Users/mo/Projects/blueridgeapp/node_modules/grunt-karma/package.json
25 verbose read json /Users/mo/Projects/blueridgeapp/node_modules/grunt-ngmin/package.json
26 verbose read json /Users/mo/Projects/blueridgeapp/node_modules/grunt-open/package.json
27 verbose read json /Users/mo/Projects/blueridgeapp/node_modules/grunt-rev/package.json
28 verbose read json /Users/mo/Projects/blueridgeapp/node_modules/grunt-usemin/package.json
29 verbose read json /Users/mo/Projects/blueridgeapp/node_modules/matchdep/package.json
30 verbose from cache /Users/mo/Projects/blueridgeapp/package.json
31 verbose readDependencies using package.json deps
32 verbose cache add [ 'git@github.com:angular/angular.js.git', null ]
33 verbose cache add name=undefined spec="git@github.com:angular/angular.js.git" args=["git@github.com:angular/angular.js.git",null]
34 verbose parsed url { protocol: null,
34 verbose parsed url   slashes: null,
34 verbose parsed url   auth: null,
34 verbose parsed url   host: null,
34 verbose parsed url   port: null,
34 verbose parsed url   hostname: null,
34 verbose parsed url   hash: null,
34 verbose parsed url   search: null,
34 verbose parsed url   query: null,
34 verbose parsed url   pathname: 'git@github.com:angular/angular.js.git',
34 verbose parsed url   path: 'git@github.com:angular/angular.js.git',
34 verbose parsed url   href: 'git@github.com:angular/angular.js.git' }
35 verbose cache add name="git" spec="github.com:angular/angular.js.git" args=["git","github.com:angular/angular.js.git"]
36 verbose parsed url { protocol: 'github.com:',
36 verbose parsed url   slashes: null,
36 verbose parsed url   auth: null,
36 verbose parsed url   host: 'angular',
36 verbose parsed url   port: null,
36 verbose parsed url   hostname: 'angular',
36 verbose parsed url   hash: null,
36 verbose parsed url   search: null,
36 verbose parsed url   query: null,
36 verbose parsed url   pathname: '/angular.js.git',
36 verbose parsed url   path: '/angular.js.git',
36 verbose parsed url   href: 'github.com:angular/angular.js.git' }
37 verbose addNamed [ 'git', 'github.com:angular/angular.js.git' ]
38 verbose addNamed [ null, null ]
39 silly lockFile 88a80c9e-ithub-com-angular-angular-js-git git@github.com:angular/angular.js.git
40 verbose lock git@github.com:angular/angular.js.git /Users/mo/.npm/88a80c9e-ithub-com-angular-angular-js-git.lock
41 info addNameTag [ 'git', 'github.com:angular/angular.js.git' ]
42 verbose url raw git
43 verbose url resolving [ 'https://registry.npmjs.org/', './git' ]
44 verbose url resolved https://registry.npmjs.org/git
45 info trying registry request attempt 1 at 02:08:38
46 http GET https://registry.npmjs.org/git
47 http 200 https://registry.npmjs.org/git
48 silly registry.get cb [ 200,
48 silly registry.get   { vary: 'Accept',
48 silly registry.get     server: 'CouchDB/1.3.0 (Erlang OTP/R15B03)',
48 silly registry.get     etag: '"82TSNT2H9AOE7YMSXXQZJLHFV"',
48 silly registry.get     date: 'Sat, 13 Jul 2013 06:08:35 GMT',
48 silly registry.get     'content-type': 'application/json',
48 silly registry.get     'content-length': '10905' } ]
49 info maybeGithub Attempting github.com:angular/angular.js.git from git://github.com/github.com:angular/angular.js.git
50 silly lockFile 847a31ff-ithub-com-angular-angular-js-git git://github.com/github.com:angular/angular.js.git
51 verbose lock git://github.com/github.com:angular/angular.js.git /Users/mo/.npm/847a31ff-ithub-com-angular-angular-js-git.lock
52 verbose addRemoteGit [ 'git://github.com/github.com:angular/angular.js.git',
52 verbose addRemoteGit   'master' ]
53 verbose git clone git://github.com/github.com:angular/angular.js.git Cloning into bare repository '/Users/mo/.npm/_git-remotes/git-github-com-github-com-angular-angular-js-git-847a31ff'...
53 verbose git clone git://github.com/github.com:angular/angular.js.git
53 verbose git clone git://github.com/github.com:angular/angular.js.git fatal: remote error:
53 verbose git clone git://github.com/github.com:angular/angular.js.git   github.com:angular/angular.js.git is not a valid repository name
53 verbose git clone git://github.com/github.com:angular/angular.js.git   Email support@github.com for help
54 silly lockFile 847a31ff-ithub-com-angular-angular-js-git git://github.com/github.com:angular/angular.js.git
55 silly lockFile 847a31ff-ithub-com-angular-angular-js-git git://github.com/github.com:angular/angular.js.git
56 info maybeGithub Attempting github.com:angular/angular.js.git from git+ssh://git@github.com:github.com:angular/angular.js.git
57 silly lockFile ce82d3bc-ithub-com-angular-angular-js-git git+ssh://git@github.com:github.com:angular/angular.js.git
58 verbose lock git+ssh://git@github.com:github.com:angular/angular.js.git /Users/mo/.npm/ce82d3bc-ithub-com-angular-angular-js-git.lock
59 verbose addRemoteGit [ 'git@github.com:github.com:angular/angular.js.git', 'master' ]
60 verbose git clone git@github.com:github.com:angular/angular.js.git Cloning into bare repository '/Users/mo/.npm/_git-remotes/git-github-com-github-com-angular-angular-js-git-6fa92022'...
60 verbose git clone git@github.com:github.com:angular/angular.js.git
60 verbose git clone git@github.com:github.com:angular/angular.js.git ERROR: Repository invalid.
60 verbose git clone git@github.com:github.com:angular/angular.js.git fatal: Could not read from remote repository.
60 verbose git clone git@github.com:github.com:angular/angular.js.git
60 verbose git clone git@github.com:github.com:angular/angular.js.git Please make sure you have the correct access rights
60 verbose git clone git@github.com:github.com:angular/angular.js.git and the repository exists.
61 silly lockFile 6fa92022-ithub-com-angular-angular-js-git git@github.com:github.com:angular/angular.js.git
62 silly lockFile 88a80c9e-ithub-com-angular-angular-js-git git@github.com:angular/angular.js.git
63 silly lockFile 88a80c9e-ithub-com-angular-angular-js-git git@github.com:angular/angular.js.git
64 error Error: No compatible version found: git@'github.com:angular/angular.js.git'
64 error Valid install targets:
64 error ["0.1.0","0.1.1","0.1.2","0.1.3","0.1.4","0.1.5"]
64 error     at installTargetsError (/usr/local/lib/node_modules/npm/lib/cache.js:719:10)
64 error     at /usr/local/lib/node_modules/npm/lib/cache.js:641:10
64 error     at saved (/usr/local/lib/node_modules/npm/node_modules/npm-registry-client/lib/get.js:138:7)
64 error     at Object.oncomplete (fs.js:107:15)
65 error If you need help, you may report this log at:
65 error     <http://github.com/isaacs/npm/issues>
65 error or email it to:
65 error     <npm-@googlegroups.com>
66 error System Darwin 12.4.0
67 error command "node" "/usr/local/bin/npm" "install" "git@github.com:angular/angular.js.git"
68 error cwd /Users/mo/Projects/blueridgeapp
69 error node -v v0.10.12
70 error npm -v 1.2.32
71 verbose exit [ 1, true ]
